{"/home/thaissa/pasta/adopet-server/src/controllers/AdoptionController.js": {"path":"/home/thaissa/pasta/adopet-server/src/controllers/AdoptionController.js","statementMap":{"0":{"start":{"line":1,"column":28},"end":{"line":1,"column":48}},"1":{"start":{"line":2,"column":25},"end":{"line":2,"column":68}},"2":{"start":{"line":4,"column":25},"end":{"line":4,"column":64}},"3":{"start":{"line":8,"column":8},"end":{"line":17,"column":9}},"4":{"start":{"line":9,"column":27},"end":{"line":9,"column":67}},"5":{"start":{"line":10,"column":12},"end":{"line":14,"column":13}},"6":{"start":{"line":11,"column":16},"end":{"line":11,"column":74}},"7":{"start":{"line":12,"column":19},"end":{"line":14,"column":13}},"8":{"start":{"line":13,"column":16},"end":{"line":13,"column":45}},"9":{"start":{"line":16,"column":12},"end":{"line":16,"column":82}},"10":{"start":{"line":21,"column":8},"end":{"line":32,"column":9}},"11":{"start":{"line":22,"column":33},"end":{"line":22,"column":66}},"12":{"start":{"line":23,"column":12},"end":{"line":25,"column":13}},"13":{"start":{"line":24,"column":16},"end":{"line":24,"column":74}},"14":{"start":{"line":27,"column":35},"end":{"line":27,"column":82}},"15":{"start":{"line":28,"column":12},"end":{"line":28,"column":74}},"16":{"start":{"line":29,"column":12},"end":{"line":29,"column":58}},"17":{"start":{"line":31,"column":12},"end":{"line":31,"column":68}},"18":{"start":{"line":36,"column":8},"end":{"line":46,"column":9}},"19":{"start":{"line":37,"column":27},"end":{"line":37,"column":37}},"20":{"start":{"line":38,"column":27},"end":{"line":38,"column":68}},"21":{"start":{"line":39,"column":12},"end":{"line":43,"column":13}},"22":{"start":{"line":40,"column":16},"end":{"line":40,"column":80}},"23":{"start":{"line":42,"column":16},"end":{"line":42,"column":50}},"24":{"start":{"line":45,"column":12},"end":{"line":45,"column":78}},"25":{"start":{"line":50,"column":0},"end":{"line":50,"column":36}}},"fnMap":{"0":{"name":"(anonymous_0)","decl":{"start":{"line":7,"column":4},"end":{"line":7,"column":5}},"loc":{"start":{"line":7,"column":40},"end":{"line":18,"column":5}},"line":7},"1":{"name":"(anonymous_1)","decl":{"start":{"line":20,"column":4},"end":{"line":20,"column":5}},"loc":{"start":{"line":20,"column":42},"end":{"line":33,"column":5}},"line":20},"2":{"name":"(anonymous_2)","decl":{"start":{"line":35,"column":4},"end":{"line":35,"column":5}},"loc":{"start":{"line":35,"column":42},"end":{"line":47,"column":5}},"line":35}},"branchMap":{"0":{"loc":{"start":{"line":10,"column":12},"end":{"line":14,"column":13}},"type":"if","locations":[{"start":{"line":10,"column":12},"end":{"line":14,"column":13}},{"start":{"line":12,"column":19},"end":{"line":14,"column":13}}],"line":10},"1":{"loc":{"start":{"line":12,"column":19},"end":{"line":14,"column":13}},"type":"if","locations":[{"start":{"line":12,"column":19},"end":{"line":14,"column":13}},{"start":{},"end":{}}],"line":12},"2":{"loc":{"start":{"line":23,"column":12},"end":{"line":25,"column":13}},"type":"if","locations":[{"start":{"line":23,"column":12},"end":{"line":25,"column":13}},{"start":{},"end":{}}],"line":23},"3":{"loc":{"start":{"line":39,"column":12},"end":{"line":43,"column":13}},"type":"if","locations":[{"start":{"line":39,"column":12},"end":{"line":43,"column":13}},{"start":{"line":41,"column":19},"end":{"line":43,"column":13}}],"line":39}},"s":{"0":1,"1":1,"2":1,"3":3,"4":3,"5":2,"6":1,"7":1,"8":1,"9":1,"10":3,"11":3,"12":2,"13":1,"14":1,"15":1,"16":1,"17":2,"18":3,"19":3,"20":2,"21":2,"22":1,"23":1,"24":1,"25":1},"f":{"0":3,"1":3,"2":3},"b":{"0":[1,1],"1":[1,0],"2":[1,1],"3":[1,1]},"_coverageSchema":"1a1c01bbd47fc00a2c39e90264f33305004495a9","hash":"2625e1d718b9ff2b087021820ae7be295ef14cd3"}
,"/home/thaissa/pasta/adopet-server/src/controllers/AuthController.js": {"path":"/home/thaissa/pasta/adopet-server/src/controllers/AuthController.js","statementMap":{"0":{"start":{"line":1,"column":20},"end":{"line":1,"column":57}},"1":{"start":{"line":2,"column":20},"end":{"line":2,"column":45}},"2":{"start":{"line":6,"column":8},"end":{"line":15,"column":9}},"3":{"start":{"line":7,"column":40},"end":{"line":7,"column":48}},"4":{"start":{"line":8,"column":26},"end":{"line":8,"column":66}},"5":{"start":{"line":9,"column":12},"end":{"line":11,"column":13}},"6":{"start":{"line":10,"column":16},"end":{"line":10,"column":51}},"7":{"start":{"line":12,"column":12},"end":{"line":12,"column":69}},"8":{"start":{"line":14,"column":12},"end":{"line":14,"column":79}},"9":{"start":{"line":19,"column":0},"end":{"line":19,"column":32}}},"fnMap":{"0":{"name":"(anonymous_0)","decl":{"start":{"line":5,"column":4},"end":{"line":5,"column":5}},"loc":{"start":{"line":5,"column":37},"end":{"line":16,"column":5}},"line":5}},"branchMap":{"0":{"loc":{"start":{"line":9,"column":12},"end":{"line":11,"column":13}},"type":"if","locations":[{"start":{"line":9,"column":12},"end":{"line":11,"column":13}},{"start":{},"end":{}}],"line":9}},"s":{"0":1,"1":1,"2":3,"3":3,"4":2,"5":2,"6":1,"7":1,"8":1,"9":1},"f":{"0":3},"b":{"0":[1,1]},"_coverageSchema":"1a1c01bbd47fc00a2c39e90264f33305004495a9","hash":"a5f4e6b88057417f8caf6a71db99ed7368eeff1e"}
,"/home/thaissa/pasta/adopet-server/src/controllers/PetController.js": {"path":"/home/thaissa/pasta/adopet-server/src/controllers/PetController.js","statementMap":{"0":{"start":{"line":1,"column":28},"end":{"line":1,"column":48}},"1":{"start":{"line":2,"column":26},"end":{"line":2,"column":66}},"2":{"start":{"line":3,"column":20},"end":{"line":3,"column":55}},"3":{"start":{"line":5,"column":25},"end":{"line":5,"column":65}},"4":{"start":{"line":6,"column":20},"end":{"line":6,"column":49}},"5":{"start":{"line":10,"column":8},"end":{"line":21,"column":9}},"6":{"start":{"line":11,"column":27},"end":{"line":11,"column":51}},"7":{"start":{"line":12,"column":12},"end":{"line":15,"column":13}},"8":{"start":{"line":13,"column":16},"end":{"line":13,"column":65}},"9":{"start":{"line":14,"column":16},"end":{"line":14,"column":22}},"10":{"start":{"line":17,"column":12},"end":{"line":17,"column":35}},"11":{"start":{"line":18,"column":12},"end":{"line":18,"column":19}},"12":{"start":{"line":20,"column":12},"end":{"line":20,"column":23}},"13":{"start":{"line":25,"column":8},"end":{"line":34,"column":9}},"14":{"start":{"line":26,"column":27},"end":{"line":26,"column":59}},"15":{"start":{"line":27,"column":12},"end":{"line":31,"column":13}},"16":{"start":{"line":28,"column":16},"end":{"line":28,"column":79}},"17":{"start":{"line":29,"column":19},"end":{"line":31,"column":13}},"18":{"start":{"line":30,"column":16},"end":{"line":30,"column":45}},"19":{"start":{"line":33,"column":12},"end":{"line":33,"column":82}},"20":{"start":{"line":38,"column":8},"end":{"line":48,"column":9}},"21":{"start":{"line":39,"column":27},"end":{"line":39,"column":37}},"22":{"start":{"line":40,"column":24},"end":{"line":40,"column":56}},"23":{"start":{"line":41,"column":12},"end":{"line":43,"column":13}},"24":{"start":{"line":42,"column":16},"end":{"line":42,"column":49}},"25":{"start":{"line":44,"column":12},"end":{"line":44,"column":59}},"26":{"start":{"line":45,"column":12},"end":{"line":45,"column":18}},"27":{"start":{"line":47,"column":12},"end":{"line":47,"column":23}},"28":{"start":{"line":52,"column":8},"end":{"line":57,"column":9}},"29":{"start":{"line":53,"column":30},"end":{"line":53,"column":67}},"30":{"start":{"line":54,"column":12},"end":{"line":54,"column":52}},"31":{"start":{"line":56,"column":12},"end":{"line":56,"column":23}},"32":{"start":{"line":62,"column":8},"end":{"line":76,"column":9}},"33":{"start":{"line":63,"column":27},"end":{"line":63,"column":37}},"34":{"start":{"line":64,"column":32},"end":{"line":64,"column":73}},"35":{"start":{"line":65,"column":12},"end":{"line":72,"column":13}},"36":{"start":{"line":66,"column":16},"end":{"line":68,"column":17}},"37":{"start":{"line":67,"column":20},"end":{"line":67,"column":104}},"38":{"start":{"line":69,"column":16},"end":{"line":69,"column":82}},"39":{"start":{"line":71,"column":16},"end":{"line":71,"column":75}},"40":{"start":{"line":75,"column":12},"end":{"line":75,"column":24}},"41":{"start":{"line":80,"column":8},"end":{"line":90,"column":9}},"42":{"start":{"line":81,"column":27},"end":{"line":81,"column":37}},"43":{"start":{"line":82,"column":24},"end":{"line":82,"column":55}},"44":{"start":{"line":83,"column":12},"end":{"line":87,"column":13}},"45":{"start":{"line":84,"column":16},"end":{"line":84,"column":81}},"46":{"start":{"line":86,"column":16},"end":{"line":86,"column":76}},"47":{"start":{"line":89,"column":12},"end":{"line":89,"column":24}},"48":{"start":{"line":94,"column":0},"end":{"line":94,"column":31}}},"fnMap":{"0":{"name":"(anonymous_0)","decl":{"start":{"line":9,"column":4},"end":{"line":9,"column":5}},"loc":{"start":{"line":9,"column":41},"end":{"line":22,"column":5}},"line":9},"1":{"name":"(anonymous_1)","decl":{"start":{"line":24,"column":4},"end":{"line":24,"column":5}},"loc":{"start":{"line":24,"column":44},"end":{"line":35,"column":5}},"line":24},"2":{"name":"(anonymous_2)","decl":{"start":{"line":37,"column":4},"end":{"line":37,"column":5}},"loc":{"start":{"line":37,"column":44},"end":{"line":49,"column":5}},"line":37},"3":{"name":"(anonymous_3)","decl":{"start":{"line":51,"column":4},"end":{"line":51,"column":5}},"loc":{"start":{"line":51,"column":43},"end":{"line":58,"column":5}},"line":51},"4":{"name":"(anonymous_4)","decl":{"start":{"line":61,"column":4},"end":{"line":61,"column":5}},"loc":{"start":{"line":61,"column":43},"end":{"line":77,"column":5}},"line":61},"5":{"name":"(anonymous_5)","decl":{"start":{"line":79,"column":4},"end":{"line":79,"column":5}},"loc":{"start":{"line":79,"column":43},"end":{"line":91,"column":5}},"line":79}},"branchMap":{"0":{"loc":{"start":{"line":12,"column":12},"end":{"line":15,"column":13}},"type":"if","locations":[{"start":{"line":12,"column":12},"end":{"line":15,"column":13}},{"start":{},"end":{}}],"line":12},"1":{"loc":{"start":{"line":27,"column":12},"end":{"line":31,"column":13}},"type":"if","locations":[{"start":{"line":27,"column":12},"end":{"line":31,"column":13}},{"start":{"line":29,"column":19},"end":{"line":31,"column":13}}],"line":27},"2":{"loc":{"start":{"line":29,"column":19},"end":{"line":31,"column":13}},"type":"if","locations":[{"start":{"line":29,"column":19},"end":{"line":31,"column":13}},{"start":{},"end":{}}],"line":29},"3":{"loc":{"start":{"line":41,"column":12},"end":{"line":43,"column":13}},"type":"if","locations":[{"start":{"line":41,"column":12},"end":{"line":43,"column":13}},{"start":{},"end":{}}],"line":41},"4":{"loc":{"start":{"line":65,"column":12},"end":{"line":72,"column":13}},"type":"if","locations":[{"start":{"line":65,"column":12},"end":{"line":72,"column":13}},{"start":{"line":70,"column":19},"end":{"line":72,"column":13}}],"line":65},"5":{"loc":{"start":{"line":66,"column":16},"end":{"line":68,"column":17}},"type":"if","locations":[{"start":{"line":66,"column":16},"end":{"line":68,"column":17}},{"start":{},"end":{}}],"line":66},"6":{"loc":{"start":{"line":83,"column":12},"end":{"line":87,"column":13}},"type":"if","locations":[{"start":{"line":83,"column":12},"end":{"line":87,"column":13}},{"start":{"line":85,"column":19},"end":{"line":87,"column":13}}],"line":83}},"s":{"0":1,"1":1,"2":1,"3":1,"4":1,"5":2,"6":2,"7":2,"8":1,"9":1,"10":1,"11":1,"12":0,"13":3,"14":3,"15":2,"16":1,"17":1,"18":1,"19":1,"20":3,"21":3,"22":3,"23":2,"24":1,"25":1,"26":1,"27":1,"28":2,"29":2,"30":1,"31":2,"32":3,"33":3,"34":3,"35":2,"36":1,"37":0,"38":1,"39":1,"40":1,"41":3,"42":3,"43":3,"44":2,"45":1,"46":1,"47":1,"48":1},"f":{"0":2,"1":3,"2":3,"3":2,"4":3,"5":3},"b":{"0":[1,1],"1":[1,1],"2":[1,0],"3":[1,1],"4":[1,1],"5":[0,1],"6":[1,1]},"_coverageSchema":"1a1c01bbd47fc00a2c39e90264f33305004495a9","hash":"c426382459687d13c8506ee6e0dac8fa3f7decce"}
,"/home/thaissa/pasta/adopet-server/src/controllers/RoleController.js": {"path":"/home/thaissa/pasta/adopet-server/src/controllers/RoleController.js","statementMap":{"0":{"start":{"line":1,"column":18},"end":{"line":1,"column":38}},"1":{"start":{"line":2,"column":21},"end":{"line":2,"column":57}},"2":{"start":{"line":3,"column":21},"end":{"line":3,"column":52}},"3":{"start":{"line":7,"column":8},"end":{"line":17,"column":9}},"4":{"start":{"line":8,"column":27},"end":{"line":8,"column":59}},"5":{"start":{"line":10,"column":12},"end":{"line":14,"column":13}},"6":{"start":{"line":11,"column":16},"end":{"line":11,"column":65}},"7":{"start":{"line":12,"column":19},"end":{"line":14,"column":13}},"8":{"start":{"line":13,"column":16},"end":{"line":13,"column":44}},"9":{"start":{"line":16,"column":12},"end":{"line":16,"column":82}},"10":{"start":{"line":21,"column":8},"end":{"line":31,"column":9}},"11":{"start":{"line":22,"column":27},"end":{"line":22,"column":37}},"12":{"start":{"line":23,"column":25},"end":{"line":23,"column":59}},"13":{"start":{"line":24,"column":12},"end":{"line":27,"column":13}},"14":{"start":{"line":25,"column":16},"end":{"line":25,"column":43}},"15":{"start":{"line":26,"column":16},"end":{"line":26,"column":23}},"16":{"start":{"line":28,"column":12},"end":{"line":28,"column":57}},"17":{"start":{"line":30,"column":12},"end":{"line":30,"column":23}},"18":{"start":{"line":35,"column":8},"end":{"line":47,"column":9}},"19":{"start":{"line":36,"column":29},"end":{"line":36,"column":37}},"20":{"start":{"line":38,"column":12},"end":{"line":44,"column":13}},"21":{"start":{"line":39,"column":16},"end":{"line":39,"column":59}},"22":{"start":{"line":40,"column":16},"end":{"line":40,"column":23}},"23":{"start":{"line":42,"column":35},"end":{"line":42,"column":74}},"24":{"start":{"line":43,"column":16},"end":{"line":43,"column":58}},"25":{"start":{"line":46,"column":12},"end":{"line":46,"column":74}},"26":{"start":{"line":52,"column":8},"end":{"line":64,"column":9}},"27":{"start":{"line":53,"column":27},"end":{"line":53,"column":37}},"28":{"start":{"line":54,"column":23},"end":{"line":54,"column":66}},"29":{"start":{"line":55,"column":12},"end":{"line":60,"column":13}},"30":{"start":{"line":56,"column":16},"end":{"line":56,"column":69}},"31":{"start":{"line":57,"column":16},"end":{"line":57,"column":22}},"32":{"start":{"line":59,"column":16},"end":{"line":59,"column":60}},"33":{"start":{"line":63,"column":12},"end":{"line":63,"column":78}},"34":{"start":{"line":69,"column":8},"end":{"line":79,"column":9}},"35":{"start":{"line":70,"column":27},"end":{"line":70,"column":37}},"36":{"start":{"line":71,"column":25},"end":{"line":71,"column":58}},"37":{"start":{"line":72,"column":12},"end":{"line":76,"column":13}},"38":{"start":{"line":73,"column":16},"end":{"line":73,"column":66}},"39":{"start":{"line":75,"column":16},"end":{"line":75,"column":60}},"40":{"start":{"line":78,"column":12},"end":{"line":78,"column":76}},"41":{"start":{"line":83,"column":0},"end":{"line":83,"column":32}}},"fnMap":{"0":{"name":"(anonymous_0)","decl":{"start":{"line":6,"column":4},"end":{"line":6,"column":5}},"loc":{"start":{"line":6,"column":36},"end":{"line":18,"column":5}},"line":6},"1":{"name":"(anonymous_1)","decl":{"start":{"line":20,"column":4},"end":{"line":20,"column":5}},"loc":{"start":{"line":20,"column":45},"end":{"line":32,"column":5}},"line":20},"2":{"name":"(anonymous_2)","decl":{"start":{"line":34,"column":4},"end":{"line":34,"column":5}},"loc":{"start":{"line":34,"column":38},"end":{"line":48,"column":5}},"line":34},"3":{"name":"(anonymous_3)","decl":{"start":{"line":50,"column":4},"end":{"line":50,"column":5}},"loc":{"start":{"line":50,"column":38},"end":{"line":65,"column":5}},"line":50},"4":{"name":"(anonymous_4)","decl":{"start":{"line":67,"column":4},"end":{"line":67,"column":5}},"loc":{"start":{"line":67,"column":38},"end":{"line":80,"column":5}},"line":67}},"branchMap":{"0":{"loc":{"start":{"line":10,"column":12},"end":{"line":14,"column":13}},"type":"if","locations":[{"start":{"line":10,"column":12},"end":{"line":14,"column":13}},{"start":{"line":12,"column":19},"end":{"line":14,"column":13}}],"line":10},"1":{"loc":{"start":{"line":12,"column":19},"end":{"line":14,"column":13}},"type":"if","locations":[{"start":{"line":12,"column":19},"end":{"line":14,"column":13}},{"start":{},"end":{}}],"line":12},"2":{"loc":{"start":{"line":24,"column":12},"end":{"line":27,"column":13}},"type":"if","locations":[{"start":{"line":24,"column":12},"end":{"line":27,"column":13}},{"start":{},"end":{}}],"line":24},"3":{"loc":{"start":{"line":38,"column":12},"end":{"line":44,"column":13}},"type":"if","locations":[{"start":{"line":38,"column":12},"end":{"line":44,"column":13}},{"start":{"line":41,"column":19},"end":{"line":44,"column":13}}],"line":38},"4":{"loc":{"start":{"line":55,"column":12},"end":{"line":60,"column":13}},"type":"if","locations":[{"start":{"line":55,"column":12},"end":{"line":60,"column":13}},{"start":{"line":58,"column":19},"end":{"line":60,"column":13}}],"line":55},"5":{"loc":{"start":{"line":72,"column":12},"end":{"line":76,"column":13}},"type":"if","locations":[{"start":{"line":72,"column":12},"end":{"line":76,"column":13}},{"start":{"line":74,"column":19},"end":{"line":76,"column":13}}],"line":72}},"s":{"0":1,"1":1,"2":1,"3":3,"4":3,"5":2,"6":1,"7":1,"8":1,"9":1,"10":3,"11":3,"12":2,"13":2,"14":1,"15":1,"16":1,"17":1,"18":3,"19":3,"20":2,"21":1,"22":1,"23":1,"24":1,"25":2,"26":3,"27":3,"28":2,"29":2,"30":1,"31":1,"32":1,"33":1,"34":3,"35":3,"36":2,"37":2,"38":1,"39":1,"40":1,"41":1},"f":{"0":3,"1":3,"2":3,"3":3,"4":3},"b":{"0":[1,1],"1":[1,0],"2":[1,1],"3":[1,1],"4":[1,1],"5":[1,1]},"_coverageSchema":"1a1c01bbd47fc00a2c39e90264f33305004495a9","hash":"5e9c16872d329bb4a71797b2a0c294774d74c633"}
,"/home/thaissa/pasta/adopet-server/src/controllers/UserController.js": {"path":"/home/thaissa/pasta/adopet-server/src/controllers/UserController.js","statementMap":{"0":{"start":{"line":1,"column":18},"end":{"line":1,"column":38}},"1":{"start":{"line":2,"column":21},"end":{"line":2,"column":57}},"2":{"start":{"line":3,"column":14},"end":{"line":3,"column":39}},"3":{"start":{"line":4,"column":21},"end":{"line":4,"column":52}},"4":{"start":{"line":8,"column":8},"end":{"line":18,"column":9}},"5":{"start":{"line":9,"column":27},"end":{"line":9,"column":59}},"6":{"start":{"line":11,"column":12},"end":{"line":15,"column":13}},"7":{"start":{"line":12,"column":16},"end":{"line":12,"column":67}},"8":{"start":{"line":13,"column":19},"end":{"line":15,"column":13}},"9":{"start":{"line":14,"column":16},"end":{"line":14,"column":44}},"10":{"start":{"line":17,"column":12},"end":{"line":17,"column":82}},"11":{"start":{"line":22,"column":8},"end":{"line":32,"column":9}},"12":{"start":{"line":23,"column":27},"end":{"line":23,"column":37}},"13":{"start":{"line":24,"column":25},"end":{"line":24,"column":59}},"14":{"start":{"line":25,"column":12},"end":{"line":29,"column":13}},"15":{"start":{"line":26,"column":16},"end":{"line":26,"column":43}},"16":{"start":{"line":28,"column":16},"end":{"line":28,"column":63}},"17":{"start":{"line":31,"column":12},"end":{"line":31,"column":87}},"18":{"start":{"line":36,"column":8},"end":{"line":46,"column":9}},"19":{"start":{"line":37,"column":36},"end":{"line":37,"column":46}},"20":{"start":{"line":38,"column":27},"end":{"line":38,"column":79}},"21":{"start":{"line":39,"column":12},"end":{"line":43,"column":13}},"22":{"start":{"line":40,"column":16},"end":{"line":40,"column":45}},"23":{"start":{"line":42,"column":16},"end":{"line":42,"column":89}},"24":{"start":{"line":45,"column":12},"end":{"line":45,"column":99}},"25":{"start":{"line":50,"column":8},"end":{"line":63,"column":9}},"26":{"start":{"line":51,"column":40},"end":{"line":51,"column":48}},"27":{"start":{"line":52,"column":39},"end":{"line":52,"column":68}},"28":{"start":{"line":54,"column":12},"end":{"line":60,"column":13}},"29":{"start":{"line":55,"column":16},"end":{"line":55,"column":60}},"30":{"start":{"line":57,"column":16},"end":{"line":57,"column":71}},"31":{"start":{"line":58,"column":35},"end":{"line":58,"column":74}},"32":{"start":{"line":59,"column":16},"end":{"line":59,"column":58}},"33":{"start":{"line":62,"column":12},"end":{"line":62,"column":68}},"34":{"start":{"line":68,"column":8},"end":{"line":79,"column":9}},"35":{"start":{"line":69,"column":27},"end":{"line":69,"column":37}},"36":{"start":{"line":70,"column":23},"end":{"line":70,"column":66}},"37":{"start":{"line":71,"column":12},"end":{"line":75,"column":13}},"38":{"start":{"line":72,"column":16},"end":{"line":72,"column":72}},"39":{"start":{"line":74,"column":16},"end":{"line":74,"column":63}},"40":{"start":{"line":78,"column":12},"end":{"line":78,"column":81}},"41":{"start":{"line":84,"column":8},"end":{"line":94,"column":9}},"42":{"start":{"line":85,"column":27},"end":{"line":85,"column":37}},"43":{"start":{"line":86,"column":25},"end":{"line":86,"column":58}},"44":{"start":{"line":87,"column":12},"end":{"line":91,"column":13}},"45":{"start":{"line":88,"column":16},"end":{"line":88,"column":69}},"46":{"start":{"line":90,"column":16},"end":{"line":90,"column":63}},"47":{"start":{"line":93,"column":12},"end":{"line":93,"column":79}},"48":{"start":{"line":98,"column":0},"end":{"line":98,"column":32}}},"fnMap":{"0":{"name":"(anonymous_0)","decl":{"start":{"line":7,"column":4},"end":{"line":7,"column":5}},"loc":{"start":{"line":7,"column":36},"end":{"line":19,"column":5}},"line":7},"1":{"name":"(anonymous_1)","decl":{"start":{"line":21,"column":4},"end":{"line":21,"column":5}},"loc":{"start":{"line":21,"column":39},"end":{"line":33,"column":5}},"line":21},"2":{"name":"(anonymous_2)","decl":{"start":{"line":35,"column":4},"end":{"line":35,"column":5}},"loc":{"start":{"line":35,"column":41},"end":{"line":47,"column":5}},"line":35},"3":{"name":"(anonymous_3)","decl":{"start":{"line":49,"column":4},"end":{"line":49,"column":5}},"loc":{"start":{"line":49,"column":38},"end":{"line":64,"column":5}},"line":49},"4":{"name":"(anonymous_4)","decl":{"start":{"line":66,"column":4},"end":{"line":66,"column":5}},"loc":{"start":{"line":66,"column":38},"end":{"line":80,"column":5}},"line":66},"5":{"name":"(anonymous_5)","decl":{"start":{"line":82,"column":4},"end":{"line":82,"column":5}},"loc":{"start":{"line":82,"column":38},"end":{"line":95,"column":5}},"line":82}},"branchMap":{"0":{"loc":{"start":{"line":11,"column":12},"end":{"line":15,"column":13}},"type":"if","locations":[{"start":{"line":11,"column":12},"end":{"line":15,"column":13}},{"start":{"line":13,"column":19},"end":{"line":15,"column":13}}],"line":11},"1":{"loc":{"start":{"line":13,"column":19},"end":{"line":15,"column":13}},"type":"if","locations":[{"start":{"line":13,"column":19},"end":{"line":15,"column":13}},{"start":{},"end":{}}],"line":13},"2":{"loc":{"start":{"line":25,"column":12},"end":{"line":29,"column":13}},"type":"if","locations":[{"start":{"line":25,"column":12},"end":{"line":29,"column":13}},{"start":{"line":27,"column":19},"end":{"line":29,"column":13}}],"line":25},"3":{"loc":{"start":{"line":39,"column":12},"end":{"line":43,"column":13}},"type":"if","locations":[{"start":{"line":39,"column":12},"end":{"line":43,"column":13}},{"start":{"line":41,"column":19},"end":{"line":43,"column":13}}],"line":39},"4":{"loc":{"start":{"line":54,"column":12},"end":{"line":60,"column":13}},"type":"if","locations":[{"start":{"line":54,"column":12},"end":{"line":60,"column":13}},{"start":{"line":56,"column":19},"end":{"line":60,"column":13}}],"line":54},"5":{"loc":{"start":{"line":71,"column":12},"end":{"line":75,"column":13}},"type":"if","locations":[{"start":{"line":71,"column":12},"end":{"line":75,"column":13}},{"start":{"line":73,"column":19},"end":{"line":75,"column":13}}],"line":71},"6":{"loc":{"start":{"line":87,"column":12},"end":{"line":91,"column":13}},"type":"if","locations":[{"start":{"line":87,"column":12},"end":{"line":91,"column":13}},{"start":{"line":89,"column":19},"end":{"line":91,"column":13}}],"line":87}},"s":{"0":1,"1":1,"2":1,"3":1,"4":3,"5":3,"6":2,"7":1,"8":1,"9":1,"10":1,"11":3,"12":3,"13":2,"14":2,"15":1,"16":1,"17":1,"18":3,"19":3,"20":2,"21":2,"22":1,"23":1,"24":1,"25":3,"26":3,"27":2,"28":2,"29":1,"30":1,"31":1,"32":1,"33":2,"34":3,"35":3,"36":2,"37":2,"38":1,"39":1,"40":1,"41":3,"42":3,"43":2,"44":2,"45":1,"46":1,"47":1,"48":1},"f":{"0":3,"1":3,"2":3,"3":3,"4":3,"5":3},"b":{"0":[1,1],"1":[1,0],"2":[1,1],"3":[1,1],"4":[1,1],"5":[1,1],"6":[1,1]},"_coverageSchema":"1a1c01bbd47fc00a2c39e90264f33305004495a9","hash":"c3769460d758830c148dcd186e6c6e2a4cb240b7"}
,"/home/thaissa/pasta/adopet-server/src/middlewares/authorization.js": {"path":"/home/thaissa/pasta/adopet-server/src/middlewares/authorization.js","statementMap":{"0":{"start":{"line":1,"column":18},"end":{"line":1,"column":38}},"1":{"start":{"line":4,"column":4},"end":{"line":16,"column":5}},"2":{"start":{"line":5,"column":21},"end":{"line":5,"column":51}},"3":{"start":{"line":7,"column":8},"end":{"line":10,"column":9}},"4":{"start":{"line":8,"column":12},"end":{"line":8,"column":19}},"5":{"start":{"line":9,"column":12},"end":{"line":9,"column":19}},"6":{"start":{"line":11,"column":8},"end":{"line":11,"column":66}},"7":{"start":{"line":12,"column":8},"end":{"line":12,"column":15}},"8":{"start":{"line":14,"column":8},"end":{"line":14,"column":74}},"9":{"start":{"line":15,"column":8},"end":{"line":15,"column":15}},"10":{"start":{"line":19,"column":0},"end":{"line":19,"column":31}}},"fnMap":{"0":{"name":"authorization","decl":{"start":{"line":3,"column":15},"end":{"line":3,"column":28}},"loc":{"start":{"line":3,"column":45},"end":{"line":17,"column":1}},"line":3}},"branchMap":{"0":{"loc":{"start":{"line":7,"column":8},"end":{"line":10,"column":9}},"type":"if","locations":[{"start":{"line":7,"column":8},"end":{"line":10,"column":9}},{"start":{},"end":{}}],"line":7}},"s":{"0":1,"1":2,"2":2,"3":1,"4":1,"5":1,"6":0,"7":0,"8":1,"9":1,"10":1},"f":{"0":2},"b":{"0":[1,0]},"_coverageSchema":"1a1c01bbd47fc00a2c39e90264f33305004495a9","hash":"847f08180f0c741d2351250620d45008b4f606ef"}
,"/home/thaissa/pasta/adopet-server/src/models/Adoption.js": {"path":"/home/thaissa/pasta/adopet-server/src/models/Adoption.js","statementMap":{"0":{"start":{"line":1,"column":17},"end":{"line":1,"column":36}},"1":{"start":{"line":3,"column":23},"end":{"line":18,"column":2}},"2":{"start":{"line":20,"column":18},"end":{"line":20,"column":61}},"3":{"start":{"line":22,"column":0},"end":{"line":22,"column":27}}},"fnMap":{},"branchMap":{},"s":{"0":8,"1":8,"2":8,"3":8},"f":{},"b":{},"_coverageSchema":"1a1c01bbd47fc00a2c39e90264f33305004495a9","hash":"4eb2e0285141c71a1bf6abf64781b8f980115253"}
,"/home/thaissa/pasta/adopet-server/src/models/Pet.js": {"path":"/home/thaissa/pasta/adopet-server/src/models/Pet.js","statementMap":{"0":{"start":{"line":1,"column":21},"end":{"line":1,"column":39}},"1":{"start":{"line":2,"column":17},"end":{"line":2,"column":36}},"2":{"start":{"line":4,"column":18},"end":{"line":44,"column":2}},"3":{"start":{"line":46,"column":13},"end":{"line":46,"column":46}},"4":{"start":{"line":47,"column":0},"end":{"line":47,"column":22}}},"fnMap":{},"branchMap":{},"s":{"0":8,"1":8,"2":8,"3":8,"4":8},"f":{},"b":{},"_coverageSchema":"1a1c01bbd47fc00a2c39e90264f33305004495a9","hash":"ff49f29a43268f25ad093df6212f35ccf8762987"}
,"/home/thaissa/pasta/adopet-server/src/models/Role.js": {"path":"/home/thaissa/pasta/adopet-server/src/models/Role.js","statementMap":{"0":{"start":{"line":1,"column":17},"end":{"line":1,"column":36}},"1":{"start":{"line":3,"column":19},"end":{"line":11,"column":2}},"2":{"start":{"line":13,"column":14},"end":{"line":13,"column":49}},"3":{"start":{"line":15,"column":0},"end":{"line":15,"column":23}}},"fnMap":{},"branchMap":{},"s":{"0":8,"1":8,"2":8,"3":8},"f":{},"b":{},"_coverageSchema":"1a1c01bbd47fc00a2c39e90264f33305004495a9","hash":"66696be440866fb28bc55fb4e40f4dfaad0a48f4"}
,"/home/thaissa/pasta/adopet-server/src/models/User.js": {"path":"/home/thaissa/pasta/adopet-server/src/models/User.js","statementMap":{"0":{"start":{"line":1,"column":17},"end":{"line":1,"column":36}},"1":{"start":{"line":3,"column":19},"end":{"line":55,"column":1}},"2":{"start":{"line":15,"column":35},"end":{"line":15,"column":70}},"3":{"start":{"line":16,"column":20},"end":{"line":16,"column":45}},"4":{"start":{"line":30,"column":20},"end":{"line":30,"column":123}},"5":{"start":{"line":57,"column":14},"end":{"line":57,"column":49}},"6":{"start":{"line":59,"column":0},"end":{"line":59,"column":23}}},"fnMap":{"0":{"name":"(anonymous_0)","decl":{"start":{"line":14,"column":27},"end":{"line":14,"column":28}},"loc":{"start":{"line":14,"column":44},"end":{"line":17,"column":17}},"line":14},"1":{"name":"(anonymous_1)","decl":{"start":{"line":29,"column":27},"end":{"line":29,"column":28}},"loc":{"start":{"line":29,"column":42},"end":{"line":31,"column":17}},"line":29}},"branchMap":{},"s":{"0":8,"1":8,"2":0,"3":0,"4":0,"5":8,"6":8},"f":{"0":0,"1":0},"b":{},"_coverageSchema":"1a1c01bbd47fc00a2c39e90264f33305004495a9","hash":"4b15e28a7ee66232e3e5e65754cf66d81e763535"}
,"/home/thaissa/pasta/adopet-server/src/models/index.js": {"path":"/home/thaissa/pasta/adopet-server/src/models/index.js","statementMap":{"0":{"start":{"line":1,"column":14},"end":{"line":1,"column":34}},"1":{"start":{"line":2,"column":13},"end":{"line":2,"column":32}},"2":{"start":{"line":3,"column":18},"end":{"line":3,"column":42}},"3":{"start":{"line":4,"column":14},"end":{"line":4,"column":34}},"4":{"start":{"line":6,"column":0},"end":{"line":11,"column":1}}},"fnMap":{},"branchMap":{},"s":{"0":8,"1":8,"2":8,"3":8,"4":8},"f":{},"b":{},"_coverageSchema":"1a1c01bbd47fc00a2c39e90264f33305004495a9","hash":"28e1e02882a8a284a21d4c0402835f4047b63931"}
,"/home/thaissa/pasta/adopet-server/src/repository/CRUD.js": {"path":"/home/thaissa/pasta/adopet-server/src/repository/CRUD.js","statementMap":{"0":{"start":{"line":3,"column":8},"end":{"line":3,"column":27}},"1":{"start":{"line":7,"column":8},"end":{"line":7,"column":33}},"2":{"start":{"line":11,"column":8},"end":{"line":11,"column":46}},"3":{"start":{"line":15,"column":8},"end":{"line":15,"column":63}},"4":{"start":{"line":19,"column":19},"end":{"line":19,"column":40}},"5":{"start":{"line":20,"column":8},"end":{"line":20,"column":27}},"6":{"start":{"line":24,"column":8},"end":{"line":24,"column":65}},"7":{"start":{"line":28,"column":8},"end":{"line":28,"column":48}},"8":{"start":{"line":32,"column":0},"end":{"line":32,"column":22}}},"fnMap":{"0":{"name":"(anonymous_0)","decl":{"start":{"line":2,"column":4},"end":{"line":2,"column":5}},"loc":{"start":{"line":2,"column":23},"end":{"line":4,"column":5}},"line":2},"1":{"name":"(anonymous_1)","decl":{"start":{"line":6,"column":4},"end":{"line":6,"column":5}},"loc":{"start":{"line":6,"column":18},"end":{"line":8,"column":5}},"line":6},"2":{"name":"(anonymous_2)","decl":{"start":{"line":10,"column":4},"end":{"line":10,"column":5}},"loc":{"start":{"line":10,"column":20},"end":{"line":12,"column":5}},"line":10},"3":{"name":"(anonymous_3)","decl":{"start":{"line":14,"column":4},"end":{"line":14,"column":5}},"loc":{"start":{"line":14,"column":31},"end":{"line":16,"column":5}},"line":14},"4":{"name":"(anonymous_4)","decl":{"start":{"line":18,"column":4},"end":{"line":18,"column":5}},"loc":{"start":{"line":18,"column":22},"end":{"line":21,"column":5}},"line":18},"5":{"name":"(anonymous_5)","decl":{"start":{"line":23,"column":4},"end":{"line":23,"column":5}},"loc":{"start":{"line":23,"column":26},"end":{"line":25,"column":5}},"line":23},"6":{"name":"(anonymous_6)","decl":{"start":{"line":27,"column":4},"end":{"line":27,"column":5}},"loc":{"start":{"line":27,"column":19},"end":{"line":29,"column":5}},"line":27}},"branchMap":{},"s":{"0":5,"1":0,"2":0,"3":0,"4":0,"5":0,"6":0,"7":0,"8":4},"f":{"0":5,"1":0,"2":0,"3":0,"4":0,"5":0,"6":0},"b":{},"_coverageSchema":"1a1c01bbd47fc00a2c39e90264f33305004495a9","hash":"2a064d8762ca3ae7c00f618247762b3b1c8e76c9"}
,"/home/thaissa/pasta/adopet-server/src/services/AdoptionsServices.js": {"path":"/home/thaissa/pasta/adopet-server/src/services/AdoptionsServices.js","statementMap":{"0":{"start":{"line":1,"column":22},"end":{"line":1,"column":42}},"1":{"start":{"line":2,"column":13},"end":{"line":2,"column":42}},"2":{"start":{"line":7,"column":8},"end":{"line":7,"column":35}},"3":{"start":{"line":11,"column":8},"end":{"line":13,"column":9}},"4":{"start":{"line":12,"column":12},"end":{"line":12,"column":70}},"5":{"start":{"line":15,"column":8},"end":{"line":15,"column":43}},"6":{"start":{"line":19,"column":8},"end":{"line":19,"column":80}},"7":{"start":{"line":22,"column":8},"end":{"line":22,"column":41}},"8":{"start":{"line":25,"column":8},"end":{"line":25,"column":46}},"9":{"start":{"line":29,"column":8},"end":{"line":29,"column":40}},"10":{"start":{"line":33,"column":0},"end":{"line":33,"column":35}}},"fnMap":{"0":{"name":"(anonymous_0)","decl":{"start":{"line":6,"column":4},"end":{"line":6,"column":5}},"loc":{"start":{"line":6,"column":23},"end":{"line":8,"column":5}},"line":6},"1":{"name":"(anonymous_1)","decl":{"start":{"line":10,"column":4},"end":{"line":10,"column":5}},"loc":{"start":{"line":10,"column":30},"end":{"line":16,"column":5}},"line":10},"2":{"name":"(anonymous_2)","decl":{"start":{"line":18,"column":4},"end":{"line":18,"column":5}},"loc":{"start":{"line":18,"column":22},"end":{"line":20,"column":5}},"line":18},"3":{"name":"(anonymous_3)","decl":{"start":{"line":21,"column":4},"end":{"line":21,"column":5}},"loc":{"start":{"line":21,"column":24},"end":{"line":23,"column":5}},"line":21},"4":{"name":"(anonymous_4)","decl":{"start":{"line":24,"column":4},"end":{"line":24,"column":5}},"loc":{"start":{"line":24,"column":29},"end":{"line":26,"column":5}},"line":24},"5":{"name":"(anonymous_5)","decl":{"start":{"line":28,"column":4},"end":{"line":28,"column":5}},"loc":{"start":{"line":28,"column":23},"end":{"line":30,"column":5}},"line":28}},"branchMap":{"0":{"loc":{"start":{"line":11,"column":8},"end":{"line":13,"column":9}},"type":"if","locations":[{"start":{"line":11,"column":8},"end":{"line":13,"column":9}},{"start":{},"end":{}}],"line":11}},"s":{"0":2,"1":2,"2":2,"3":3,"4":2,"5":3,"6":0,"7":0,"8":0,"9":0,"10":2},"f":{"0":2,"1":3,"2":0,"3":0,"4":0,"5":0},"b":{"0":[2,1]},"_coverageSchema":"1a1c01bbd47fc00a2c39e90264f33305004495a9","hash":"9f7f2b1eb440b667ce92ff8c1255c09ede5fcb67"}
,"/home/thaissa/pasta/adopet-server/src/services/AuthService.js": {"path":"/home/thaissa/pasta/adopet-server/src/services/AuthService.js","statementMap":{"0":{"start":{"line":1,"column":0},"end":{"line":1,"column":27}},"1":{"start":{"line":2,"column":15},"end":{"line":2,"column":32}},"2":{"start":{"line":3,"column":18},"end":{"line":3,"column":38}},"3":{"start":{"line":4,"column":17},"end":{"line":4,"column":40}},"4":{"start":{"line":12,"column":8},"end":{"line":14,"column":9}},"5":{"start":{"line":13,"column":12},"end":{"line":13,"column":54}},"6":{"start":{"line":16,"column":8},"end":{"line":16,"column":37}},"7":{"start":{"line":20,"column":8},"end":{"line":52,"column":9}},"8":{"start":{"line":21,"column":25},"end":{"line":21,"column":62}},"9":{"start":{"line":22,"column":12},"end":{"line":24,"column":13}},"10":{"start":{"line":23,"column":16},"end":{"line":23,"column":29}},"11":{"start":{"line":25,"column":34},"end":{"line":25,"column":79}},"12":{"start":{"line":27,"column":12},"end":{"line":29,"column":13}},"13":{"start":{"line":28,"column":16},"end":{"line":28,"column":29}},"14":{"start":{"line":31,"column":27},"end":{"line":31,"column":45}},"15":{"start":{"line":32,"column":26},"end":{"line":39,"column":18}},"16":{"start":{"line":41,"column":12},"end":{"line":48,"column":14}},"17":{"start":{"line":51,"column":12},"end":{"line":51,"column":31}},"18":{"start":{"line":56,"column":0},"end":{"line":56,"column":29}}},"fnMap":{"0":{"name":"(anonymous_0)","decl":{"start":{"line":11,"column":4},"end":{"line":11,"column":5}},"loc":{"start":{"line":11,"column":25},"end":{"line":17,"column":5}},"line":11},"1":{"name":"(anonymous_1)","decl":{"start":{"line":19,"column":4},"end":{"line":19,"column":5}},"loc":{"start":{"line":19,"column":33},"end":{"line":53,"column":5}},"line":19}},"branchMap":{"0":{"loc":{"start":{"line":12,"column":8},"end":{"line":14,"column":9}},"type":"if","locations":[{"start":{"line":12,"column":8},"end":{"line":14,"column":9}},{"start":{},"end":{}}],"line":12},"1":{"loc":{"start":{"line":22,"column":12},"end":{"line":24,"column":13}},"type":"if","locations":[{"start":{"line":22,"column":12},"end":{"line":24,"column":13}},{"start":{},"end":{}}],"line":22},"2":{"loc":{"start":{"line":27,"column":12},"end":{"line":29,"column":13}},"type":"if","locations":[{"start":{"line":27,"column":12},"end":{"line":29,"column":13}},{"start":{},"end":{}}],"line":27}},"s":{"0":1,"1":1,"2":1,"3":1,"4":2,"5":1,"6":2,"7":0,"8":0,"9":0,"10":0,"11":0,"12":0,"13":0,"14":0,"15":0,"16":0,"17":0,"18":1},"f":{"0":2,"1":0},"b":{"0":[1,1],"1":[0,0],"2":[0,0]},"_coverageSchema":"1a1c01bbd47fc00a2c39e90264f33305004495a9","hash":"7a93b5e4af571c8712af76c1da901fe9ebcef56c"}
,"/home/thaissa/pasta/adopet-server/src/services/PetsServices.js": {"path":"/home/thaissa/pasta/adopet-server/src/services/PetsServices.js","statementMap":{"0":{"start":{"line":1,"column":17},"end":{"line":1,"column":37}},"1":{"start":{"line":2,"column":13},"end":{"line":2,"column":42}},"2":{"start":{"line":7,"column":8},"end":{"line":7,"column":36}},"3":{"start":{"line":11,"column":8},"end":{"line":13,"column":9}},"4":{"start":{"line":12,"column":12},"end":{"line":12,"column":60}},"5":{"start":{"line":15,"column":8},"end":{"line":15,"column":38}},"6":{"start":{"line":19,"column":8},"end":{"line":19,"column":39}},"7":{"start":{"line":22,"column":8},"end":{"line":22,"column":41}},"8":{"start":{"line":25,"column":8},"end":{"line":25,"column":40}},"9":{"start":{"line":29,"column":8},"end":{"line":29,"column":53}},"10":{"start":{"line":33,"column":8},"end":{"line":33,"column":40}},"11":{"start":{"line":37,"column":8},"end":{"line":37,"column":52}},"12":{"start":{"line":41,"column":8},"end":{"line":41,"column":60}},"13":{"start":{"line":45,"column":0},"end":{"line":45,"column":30}}},"fnMap":{"0":{"name":"(anonymous_0)","decl":{"start":{"line":6,"column":4},"end":{"line":6,"column":5}},"loc":{"start":{"line":6,"column":23},"end":{"line":8,"column":5}},"line":6},"1":{"name":"(anonymous_1)","decl":{"start":{"line":10,"column":4},"end":{"line":10,"column":5}},"loc":{"start":{"line":10,"column":30},"end":{"line":16,"column":5}},"line":10},"2":{"name":"(anonymous_2)","decl":{"start":{"line":18,"column":4},"end":{"line":18,"column":5}},"loc":{"start":{"line":18,"column":17},"end":{"line":20,"column":5}},"line":18},"3":{"name":"(anonymous_3)","decl":{"start":{"line":21,"column":4},"end":{"line":21,"column":5}},"loc":{"start":{"line":21,"column":19},"end":{"line":23,"column":5}},"line":21},"4":{"name":"(anonymous_4)","decl":{"start":{"line":24,"column":4},"end":{"line":24,"column":5}},"loc":{"start":{"line":24,"column":19},"end":{"line":26,"column":5}},"line":24},"5":{"name":"(anonymous_5)","decl":{"start":{"line":28,"column":4},"end":{"line":28,"column":5}},"loc":{"start":{"line":28,"column":31},"end":{"line":30,"column":5}},"line":28},"6":{"name":"(anonymous_6)","decl":{"start":{"line":32,"column":4},"end":{"line":32,"column":5}},"loc":{"start":{"line":32,"column":18},"end":{"line":34,"column":5}},"line":32},"7":{"name":"(anonymous_7)","decl":{"start":{"line":36,"column":4},"end":{"line":36,"column":5}},"loc":{"start":{"line":36,"column":19},"end":{"line":38,"column":5}},"line":36},"8":{"name":"(anonymous_8)","decl":{"start":{"line":40,"column":4},"end":{"line":40,"column":5}},"loc":{"start":{"line":40,"column":19},"end":{"line":42,"column":5}},"line":40}},"branchMap":{"0":{"loc":{"start":{"line":11,"column":8},"end":{"line":13,"column":9}},"type":"if","locations":[{"start":{"line":11,"column":8},"end":{"line":13,"column":9}},{"start":{},"end":{}}],"line":11}},"s":{"0":1,"1":1,"2":1,"3":2,"4":1,"5":2,"6":0,"7":0,"8":0,"9":0,"10":0,"11":0,"12":0,"13":1},"f":{"0":1,"1":2,"2":0,"3":0,"4":0,"5":0,"6":0,"7":0,"8":0},"b":{"0":[1,1]},"_coverageSchema":"1a1c01bbd47fc00a2c39e90264f33305004495a9","hash":"5394e2a73a90bc4ef7ef67981c94449be99753c9"}
,"/home/thaissa/pasta/adopet-server/src/services/RolesServices.js": {"path":"/home/thaissa/pasta/adopet-server/src/services/RolesServices.js","statementMap":{"0":{"start":{"line":1,"column":13},"end":{"line":1,"column":42}},"1":{"start":{"line":6,"column":8},"end":{"line":6,"column":35}},"2":{"start":{"line":10,"column":8},"end":{"line":12,"column":9}},"3":{"start":{"line":11,"column":12},"end":{"line":11,"column":62}},"4":{"start":{"line":14,"column":8},"end":{"line":14,"column":39}},"5":{"start":{"line":18,"column":8},"end":{"line":18,"column":39}},"6":{"start":{"line":21,"column":8},"end":{"line":21,"column":41}},"7":{"start":{"line":24,"column":8},"end":{"line":24,"column":46}},"8":{"start":{"line":28,"column":8},"end":{"line":28,"column":53}},"9":{"start":{"line":32,"column":8},"end":{"line":32,"column":40}},"10":{"start":{"line":36,"column":0},"end":{"line":36,"column":31}}},"fnMap":{"0":{"name":"(anonymous_0)","decl":{"start":{"line":5,"column":4},"end":{"line":5,"column":5}},"loc":{"start":{"line":5,"column":23},"end":{"line":7,"column":5}},"line":5},"1":{"name":"(anonymous_1)","decl":{"start":{"line":9,"column":4},"end":{"line":9,"column":5}},"loc":{"start":{"line":9,"column":30},"end":{"line":15,"column":5}},"line":9},"2":{"name":"(anonymous_2)","decl":{"start":{"line":17,"column":4},"end":{"line":17,"column":5}},"loc":{"start":{"line":17,"column":18},"end":{"line":19,"column":5}},"line":17},"3":{"name":"(anonymous_3)","decl":{"start":{"line":20,"column":4},"end":{"line":20,"column":5}},"loc":{"start":{"line":20,"column":20},"end":{"line":22,"column":5}},"line":20},"4":{"name":"(anonymous_4)","decl":{"start":{"line":23,"column":4},"end":{"line":23,"column":5}},"loc":{"start":{"line":23,"column":25},"end":{"line":25,"column":5}},"line":23},"5":{"name":"(anonymous_5)","decl":{"start":{"line":27,"column":4},"end":{"line":27,"column":5}},"loc":{"start":{"line":27,"column":32},"end":{"line":29,"column":5}},"line":27},"6":{"name":"(anonymous_6)","decl":{"start":{"line":31,"column":4},"end":{"line":31,"column":5}},"loc":{"start":{"line":31,"column":19},"end":{"line":33,"column":5}},"line":31}},"branchMap":{"0":{"loc":{"start":{"line":10,"column":8},"end":{"line":12,"column":9}},"type":"if","locations":[{"start":{"line":10,"column":8},"end":{"line":12,"column":9}},{"start":{},"end":{}}],"line":10}},"s":{"0":1,"1":1,"2":2,"3":1,"4":2,"5":0,"6":0,"7":0,"8":0,"9":0,"10":1},"f":{"0":1,"1":2,"2":0,"3":0,"4":0,"5":0,"6":0},"b":{"0":[1,1]},"_coverageSchema":"1a1c01bbd47fc00a2c39e90264f33305004495a9","hash":"ad0d2cf25f0f5708913e1997b04e0f73f4fca335"}
,"/home/thaissa/pasta/adopet-server/src/services/UsersServices.js": {"path":"/home/thaissa/pasta/adopet-server/src/services/UsersServices.js","statementMap":{"0":{"start":{"line":1,"column":13},"end":{"line":1,"column":42}},"1":{"start":{"line":5,"column":8},"end":{"line":5,"column":35}},"2":{"start":{"line":9,"column":8},"end":{"line":11,"column":9}},"3":{"start":{"line":10,"column":12},"end":{"line":10,"column":62}},"4":{"start":{"line":13,"column":8},"end":{"line":13,"column":39}},"5":{"start":{"line":17,"column":8},"end":{"line":17,"column":39}},"6":{"start":{"line":21,"column":8},"end":{"line":21,"column":41}},"7":{"start":{"line":24,"column":8},"end":{"line":24,"column":52}},"8":{"start":{"line":28,"column":8},"end":{"line":28,"column":42}},"9":{"start":{"line":32,"column":8},"end":{"line":32,"column":53}},"10":{"start":{"line":36,"column":8},"end":{"line":36,"column":40}},"11":{"start":{"line":40,"column":0},"end":{"line":40,"column":31}}},"fnMap":{"0":{"name":"(anonymous_0)","decl":{"start":{"line":4,"column":4},"end":{"line":4,"column":5}},"loc":{"start":{"line":4,"column":23},"end":{"line":6,"column":5}},"line":4},"1":{"name":"(anonymous_1)","decl":{"start":{"line":8,"column":4},"end":{"line":8,"column":5}},"loc":{"start":{"line":8,"column":30},"end":{"line":14,"column":5}},"line":8},"2":{"name":"(anonymous_2)","decl":{"start":{"line":16,"column":4},"end":{"line":16,"column":5}},"loc":{"start":{"line":16,"column":18},"end":{"line":18,"column":5}},"line":16},"3":{"name":"(anonymous_3)","decl":{"start":{"line":20,"column":4},"end":{"line":20,"column":5}},"loc":{"start":{"line":20,"column":20},"end":{"line":22,"column":5}},"line":20},"4":{"name":"(anonymous_4)","decl":{"start":{"line":23,"column":4},"end":{"line":23,"column":5}},"loc":{"start":{"line":23,"column":38},"end":{"line":25,"column":5}},"line":23},"5":{"name":"(anonymous_5)","decl":{"start":{"line":27,"column":4},"end":{"line":27,"column":5}},"loc":{"start":{"line":27,"column":21},"end":{"line":29,"column":5}},"line":27},"6":{"name":"(anonymous_6)","decl":{"start":{"line":31,"column":4},"end":{"line":31,"column":5}},"loc":{"start":{"line":31,"column":32},"end":{"line":33,"column":5}},"line":31},"7":{"name":"(anonymous_7)","decl":{"start":{"line":35,"column":4},"end":{"line":35,"column":5}},"loc":{"start":{"line":35,"column":19},"end":{"line":37,"column":5}},"line":35}},"branchMap":{"0":{"loc":{"start":{"line":9,"column":8},"end":{"line":11,"column":9}},"type":"if","locations":[{"start":{"line":9,"column":8},"end":{"line":11,"column":9}},{"start":{},"end":{}}],"line":9}},"s":{"0":1,"1":1,"2":2,"3":1,"4":2,"5":0,"6":0,"7":0,"8":0,"9":0,"10":0,"11":1},"f":{"0":1,"1":2,"2":0,"3":0,"4":0,"5":0,"6":0,"7":0},"b":{"0":[1,1]},"_coverageSchema":"1a1c01bbd47fc00a2c39e90264f33305004495a9","hash":"e59a5faff3a3671e0faae0feef99ec00ad44a90b"}
,"/home/thaissa/pasta/adopet-server/src/utils/Utils.js": {"path":"/home/thaissa/pasta/adopet-server/src/utils/Utils.js","statementMap":{"0":{"start":{"line":1,"column":26},"end":{"line":1,"column":43}},"1":{"start":{"line":2,"column":18},"end":{"line":2,"column":38}},"2":{"start":{"line":6,"column":32},"end":{"line":6,"column":69}},"3":{"start":{"line":7,"column":8},"end":{"line":9,"column":9}},"4":{"start":{"line":8,"column":12},"end":{"line":8,"column":23}},"5":{"start":{"line":13,"column":21},"end":{"line":13,"column":38}},"6":{"start":{"line":14,"column":8},"end":{"line":14,"column":42}},"7":{"start":{"line":18,"column":8},"end":{"line":20,"column":9}},"8":{"start":{"line":19,"column":12},"end":{"line":19,"column":24}},"9":{"start":{"line":21,"column":8},"end":{"line":21,"column":21}},"10":{"start":{"line":25,"column":0},"end":{"line":25,"column":23}}},"fnMap":{"0":{"name":"(anonymous_0)","decl":{"start":{"line":5,"column":4},"end":{"line":5,"column":5}},"loc":{"start":{"line":5,"column":35},"end":{"line":10,"column":5}},"line":5},"1":{"name":"(anonymous_1)","decl":{"start":{"line":12,"column":4},"end":{"line":12,"column":5}},"loc":{"start":{"line":12,"column":40},"end":{"line":15,"column":5}},"line":12},"2":{"name":"(anonymous_2)","decl":{"start":{"line":17,"column":4},"end":{"line":17,"column":5}},"loc":{"start":{"line":17,"column":35},"end":{"line":22,"column":5}},"line":17}},"branchMap":{"0":{"loc":{"start":{"line":7,"column":8},"end":{"line":9,"column":9}},"type":"if","locations":[{"start":{"line":7,"column":8},"end":{"line":9,"column":9}},{"start":{},"end":{}}],"line":7},"1":{"loc":{"start":{"line":18,"column":8},"end":{"line":20,"column":9}},"type":"if","locations":[{"start":{"line":18,"column":8},"end":{"line":20,"column":9}},{"start":{},"end":{}}],"line":18},"2":{"loc":{"start":{"line":18,"column":12},"end":{"line":18,"column":40}},"type":"binary-expr","locations":[{"start":{"line":18,"column":12},"end":{"line":18,"column":16}},{"start":{"line":18,"column":20},"end":{"line":18,"column":40}}],"line":18}},"s":{"0":2,"1":2,"2":0,"3":0,"4":0,"5":0,"6":0,"7":2,"8":1,"9":1,"10":2},"f":{"0":0,"1":0,"2":2},"b":{"0":[0,0],"1":[1,1],"2":[2,2]},"_coverageSchema":"1a1c01bbd47fc00a2c39e90264f33305004495a9","hash":"ea3ebeb8b694e30e28db7ec766f71fe0fe564249"}
}
