TN:
SF:src/controllers/AdoptionController.js
FN:7,(anonymous_0)
FN:20,(anonymous_1)
FN:35,(anonymous_2)
FNF:3
FNH:3
FNDA:3,(anonymous_0)
FNDA:3,(anonymous_1)
FNDA:3,(anonymous_2)
DA:1,1
DA:2,1
DA:4,1
DA:8,3
DA:9,3
DA:10,2
DA:11,1
DA:12,1
DA:13,1
DA:16,1
DA:21,3
DA:22,3
DA:23,2
DA:24,1
DA:27,1
DA:28,1
DA:29,1
DA:31,2
DA:36,3
DA:37,3
DA:38,2
DA:39,2
DA:40,1
DA:42,1
DA:45,1
DA:50,1
LF:26
LH:26
BRDA:10,0,0,1
BRDA:10,0,1,1
BRDA:12,1,0,1
BRDA:12,1,1,0
BRDA:23,2,0,1
BRDA:23,2,1,1
BRDA:39,3,0,1
BRDA:39,3,1,1
BRF:8
BRH:7
end_of_record
TN:
SF:src/controllers/AuthController.js
FN:5,(anonymous_0)
FNF:1
FNH:1
FNDA:3,(anonymous_0)
DA:1,1
DA:2,1
DA:6,3
DA:7,3
DA:8,2
DA:9,2
DA:10,1
DA:12,1
DA:14,1
DA:19,1
LF:10
LH:10
BRDA:9,0,0,1
BRDA:9,0,1,1
BRF:2
BRH:2
end_of_record
TN:
SF:src/controllers/PetController.js
FN:9,(anonymous_0)
FN:24,(anonymous_1)
FN:37,(anonymous_2)
FN:51,(anonymous_3)
FN:61,(anonymous_4)
FN:79,(anonymous_5)
FNF:6
FNH:6
FNDA:2,(anonymous_0)
FNDA:3,(anonymous_1)
FNDA:3,(anonymous_2)
FNDA:2,(anonymous_3)
FNDA:3,(anonymous_4)
FNDA:3,(anonymous_5)
DA:1,1
DA:2,1
DA:3,1
DA:5,1
DA:6,1
DA:10,2
DA:11,2
DA:12,2
DA:13,1
DA:14,1
DA:17,1
DA:18,1
DA:20,0
DA:25,3
DA:26,3
DA:27,2
DA:28,1
DA:29,1
DA:30,1
DA:33,1
DA:38,3
DA:39,3
DA:40,3
DA:41,2
DA:42,1
DA:44,1
DA:45,1
DA:47,1
DA:52,2
DA:53,2
DA:54,1
DA:56,2
DA:62,3
DA:63,3
DA:64,3
DA:65,2
DA:66,1
DA:67,0
DA:69,1
DA:71,1
DA:75,1
DA:80,3
DA:81,3
DA:82,3
DA:83,2
DA:84,1
DA:86,1
DA:89,1
DA:94,1
LF:49
LH:47
BRDA:12,0,0,1
BRDA:12,0,1,1
BRDA:27,1,0,1
BRDA:27,1,1,1
BRDA:29,2,0,1
BRDA:29,2,1,0
BRDA:41,3,0,1
BRDA:41,3,1,1
BRDA:65,4,0,1
BRDA:65,4,1,1
BRDA:66,5,0,0
BRDA:66,5,1,1
BRDA:83,6,0,1
BRDA:83,6,1,1
BRF:14
BRH:12
end_of_record
TN:
SF:src/controllers/RoleController.js
FN:6,(anonymous_0)
FN:20,(anonymous_1)
FN:34,(anonymous_2)
FN:50,(anonymous_3)
FN:67,(anonymous_4)
FNF:5
FNH:5
FNDA:3,(anonymous_0)
FNDA:3,(anonymous_1)
FNDA:3,(anonymous_2)
FNDA:3,(anonymous_3)
FNDA:3,(anonymous_4)
DA:1,1
DA:2,1
DA:3,1
DA:7,3
DA:8,3
DA:10,2
DA:11,1
DA:12,1
DA:13,1
DA:16,1
DA:21,3
DA:22,3
DA:23,2
DA:24,2
DA:25,1
DA:26,1
DA:28,1
DA:30,1
DA:35,3
DA:36,3
DA:38,2
DA:39,1
DA:40,1
DA:42,1
DA:43,1
DA:46,2
DA:52,3
DA:53,3
DA:54,2
DA:55,2
DA:56,1
DA:57,1
DA:59,1
DA:63,1
DA:69,3
DA:70,3
DA:71,2
DA:72,2
DA:73,1
DA:75,1
DA:78,1
DA:83,1
LF:42
LH:42
BRDA:10,0,0,1
BRDA:10,0,1,1
BRDA:12,1,0,1
BRDA:12,1,1,0
BRDA:24,2,0,1
BRDA:24,2,1,1
BRDA:38,3,0,1
BRDA:38,3,1,1
BRDA:55,4,0,1
BRDA:55,4,1,1
BRDA:72,5,0,1
BRDA:72,5,1,1
BRF:12
BRH:11
end_of_record
TN:
SF:src/controllers/UserController.js
FN:7,(anonymous_0)
FN:21,(anonymous_1)
FN:35,(anonymous_2)
FN:49,(anonymous_3)
FN:66,(anonymous_4)
FN:82,(anonymous_5)
FNF:6
FNH:6
FNDA:3,(anonymous_0)
FNDA:3,(anonymous_1)
FNDA:3,(anonymous_2)
FNDA:3,(anonymous_3)
FNDA:3,(anonymous_4)
FNDA:3,(anonymous_5)
DA:1,1
DA:2,1
DA:3,1
DA:4,1
DA:8,3
DA:9,3
DA:11,2
DA:12,1
DA:13,1
DA:14,1
DA:17,1
DA:22,3
DA:23,3
DA:24,2
DA:25,2
DA:26,1
DA:28,1
DA:31,1
DA:36,3
DA:37,3
DA:38,2
DA:39,2
DA:40,1
DA:42,1
DA:45,1
DA:50,3
DA:51,3
DA:52,2
DA:54,2
DA:55,1
DA:57,1
DA:58,1
DA:59,1
DA:62,2
DA:68,3
DA:69,3
DA:70,2
DA:71,2
DA:72,1
DA:74,1
DA:78,1
DA:84,3
DA:85,3
DA:86,2
DA:87,2
DA:88,1
DA:90,1
DA:93,1
DA:98,1
LF:49
LH:49
BRDA:11,0,0,1
BRDA:11,0,1,1
BRDA:13,1,0,1
BRDA:13,1,1,0
BRDA:25,2,0,1
BRDA:25,2,1,1
BRDA:39,3,0,1
BRDA:39,3,1,1
BRDA:54,4,0,1
BRDA:54,4,1,1
BRDA:71,5,0,1
BRDA:71,5,1,1
BRDA:87,6,0,1
BRDA:87,6,1,1
BRF:14
BRH:13
end_of_record
TN:
SF:src/middlewares/authorization.js
FN:3,authorization
FNF:1
FNH:1
FNDA:2,authorization
DA:1,1
DA:4,2
DA:5,2
DA:7,1
DA:8,1
DA:9,1
DA:11,0
DA:12,0
DA:14,1
DA:15,1
DA:19,1
LF:11
LH:9
BRDA:7,0,0,1
BRDA:7,0,1,0
BRF:2
BRH:1
end_of_record
TN:
SF:src/models/Adoption.js
FNF:0
FNH:0
DA:1,8
DA:3,8
DA:20,8
DA:22,8
LF:4
LH:4
BRF:0
BRH:0
end_of_record
TN:
SF:src/models/Pet.js
FNF:0
FNH:0
DA:1,8
DA:2,8
DA:4,8
DA:46,8
DA:47,8
LF:5
LH:5
BRF:0
BRH:0
end_of_record
TN:
SF:src/models/Role.js
FNF:0
FNH:0
DA:1,8
DA:3,8
DA:13,8
DA:15,8
LF:4
LH:4
BRF:0
BRH:0
end_of_record
TN:
SF:src/models/User.js
FN:14,(anonymous_0)
FN:29,(anonymous_1)
FNF:2
FNH:0
FNDA:0,(anonymous_0)
FNDA:0,(anonymous_1)
DA:1,8
DA:3,8
DA:15,0
DA:16,0
DA:30,0
DA:57,8
DA:59,8
LF:7
LH:4
BRF:0
BRH:0
end_of_record
TN:
SF:src/models/index.js
FNF:0
FNH:0
DA:1,8
DA:2,8
DA:3,8
DA:4,8
DA:6,8
LF:5
LH:5
BRF:0
BRH:0
end_of_record
TN:
SF:src/repository/CRUD.js
FN:2,(anonymous_0)
FN:6,(anonymous_1)
FN:10,(anonymous_2)
FN:14,(anonymous_3)
FN:18,(anonymous_4)
FN:23,(anonymous_5)
FN:27,(anonymous_6)
FNF:7
FNH:1
FNDA:5,(anonymous_0)
FNDA:0,(anonymous_1)
FNDA:0,(anonymous_2)
FNDA:0,(anonymous_3)
FNDA:0,(anonymous_4)
FNDA:0,(anonymous_5)
FNDA:0,(anonymous_6)
DA:3,5
DA:7,0
DA:11,0
DA:15,0
DA:19,0
DA:20,0
DA:24,0
DA:28,0
DA:32,4
LF:9
LH:2
BRF:0
BRH:0
end_of_record
TN:
SF:src/services/AdoptionsServices.js
FN:6,(anonymous_0)
FN:10,(anonymous_1)
FN:18,(anonymous_2)
FN:21,(anonymous_3)
FN:24,(anonymous_4)
FN:28,(anonymous_5)
FNF:6
FNH:2
FNDA:2,(anonymous_0)
FNDA:3,(anonymous_1)
FNDA:0,(anonymous_2)
FNDA:0,(anonymous_3)
FNDA:0,(anonymous_4)
FNDA:0,(anonymous_5)
DA:1,2
DA:2,2
DA:7,2
DA:11,3
DA:12,2
DA:15,3
DA:19,0
DA:22,0
DA:25,0
DA:29,0
DA:33,2
LF:11
LH:7
BRDA:11,0,0,2
BRDA:11,0,1,1
BRF:2
BRH:2
end_of_record
TN:
SF:src/services/AuthService.js
FN:11,(anonymous_0)
FN:19,(anonymous_1)
FNF:2
FNH:1
FNDA:2,(anonymous_0)
FNDA:0,(anonymous_1)
DA:1,1
DA:2,1
DA:3,1
DA:4,1
DA:12,2
DA:13,1
DA:16,2
DA:20,0
DA:21,0
DA:22,0
DA:23,0
DA:25,0
DA:27,0
DA:28,0
DA:31,0
DA:32,0
DA:41,0
DA:51,0
DA:56,1
LF:19
LH:8
BRDA:12,0,0,1
BRDA:12,0,1,1
BRDA:22,1,0,0
BRDA:22,1,1,0
BRDA:27,2,0,0
BRDA:27,2,1,0
BRF:6
BRH:2
end_of_record
TN:
SF:src/services/PetsServices.js
FN:6,(anonymous_0)
FN:10,(anonymous_1)
FN:18,(anonymous_2)
FN:21,(anonymous_3)
FN:24,(anonymous_4)
FN:28,(anonymous_5)
FN:32,(anonymous_6)
FN:36,(anonymous_7)
FN:40,(anonymous_8)
FNF:9
FNH:2
FNDA:1,(anonymous_0)
FNDA:2,(anonymous_1)
FNDA:0,(anonymous_2)
FNDA:0,(anonymous_3)
FNDA:0,(anonymous_4)
FNDA:0,(anonymous_5)
FNDA:0,(anonymous_6)
FNDA:0,(anonymous_7)
FNDA:0,(anonymous_8)
DA:1,1
DA:2,1
DA:7,1
DA:11,2
DA:12,1
DA:15,2
DA:19,0
DA:22,0
DA:25,0
DA:29,0
DA:33,0
DA:37,0
DA:41,0
DA:45,1
LF:14
LH:7
BRDA:11,0,0,1
BRDA:11,0,1,1
BRF:2
BRH:2
end_of_record
TN:
SF:src/services/RolesServices.js
FN:5,(anonymous_0)
FN:9,(anonymous_1)
FN:17,(anonymous_2)
FN:20,(anonymous_3)
FN:23,(anonymous_4)
FN:27,(anonymous_5)
FN:31,(anonymous_6)
FNF:7
FNH:2
FNDA:1,(anonymous_0)
FNDA:2,(anonymous_1)
FNDA:0,(anonymous_2)
FNDA:0,(anonymous_3)
FNDA:0,(anonymous_4)
FNDA:0,(anonymous_5)
FNDA:0,(anonymous_6)
DA:1,1
DA:6,1
DA:10,2
DA:11,1
DA:14,2
DA:18,0
DA:21,0
DA:24,0
DA:28,0
DA:32,0
DA:36,1
LF:11
LH:6
BRDA:10,0,0,1
BRDA:10,0,1,1
BRF:2
BRH:2
end_of_record
TN:
SF:src/services/UsersServices.js
FN:4,(anonymous_0)
FN:8,(anonymous_1)
FN:16,(anonymous_2)
FN:20,(anonymous_3)
FN:23,(anonymous_4)
FN:27,(anonymous_5)
FN:31,(anonymous_6)
FN:35,(anonymous_7)
FNF:8
FNH:2
FNDA:1,(anonymous_0)
FNDA:2,(anonymous_1)
FNDA:0,(anonymous_2)
FNDA:0,(anonymous_3)
FNDA:0,(anonymous_4)
FNDA:0,(anonymous_5)
FNDA:0,(anonymous_6)
FNDA:0,(anonymous_7)
DA:1,1
DA:5,1
DA:9,2
DA:10,1
DA:13,2
DA:17,0
DA:21,0
DA:24,0
DA:28,0
DA:32,0
DA:36,0
DA:40,1
LF:12
LH:6
BRDA:9,0,0,1
BRDA:9,0,1,1
BRF:2
BRH:2
end_of_record
TN:
SF:src/utils/Utils.js
FN:5,(anonymous_0)
FN:12,(anonymous_1)
FN:17,(anonymous_2)
FNF:3
FNH:1
FNDA:0,(anonymous_0)
FNDA:0,(anonymous_1)
FNDA:2,(anonymous_2)
DA:1,2
DA:2,2
DA:6,0
DA:7,0
DA:8,0
DA:13,0
DA:14,0
DA:18,2
DA:19,1
DA:21,1
DA:25,2
LF:11
LH:6
BRDA:7,0,0,0
BRDA:7,0,1,0
BRDA:18,1,0,1
BRDA:18,1,1,1
BRDA:18,2,0,2
BRDA:18,2,1,2
BRF:6
BRH:4
end_of_record
